Using pre-set license
Built from '2020.3/staging' branch; Version is '2020.3.13f1 (71691879b7f5) revision 7432472'; Using compiler version '192528614'; Build Type 'Release'
OS: 'Windows 10 Pro; OS build 19043.1052; Version 2009; 64bit' Language: 'ko' Physical Memory: 32676 MB
BatchMode: 1, IsHumanControllingUs: 0, StartBugReporterOnCrash: 0, Is64bit: 1, IsPro: 0

 COMMAND LINE ARGUMENTS:
E:\Unity\2020.3.13f1\Editor\Unity.exe
-adb2
-batchMode
-noUpm
-name
AssetImportWorker0
-projectPath
C:/UnityProject/Study/CinemachineStudy
-logFile
Logs/AssetImportWorker0.log
-srvPort
6536
Successfully changed project path to: C:/UnityProject/Study/CinemachineStudy
C:/UnityProject/Study/CinemachineStudy
Using Asset Import Pipeline V2.
Refreshing native plugins compatible for Editor in 20.15 ms, found 2 plugins.
Preloading 0 native plugins for Editor in 0.00 ms.
Initialize engine version: 2020.3.13f1 (71691879b7f5)
[Subsystems] Discovering subsystems at path E:/Unity/2020.3.13f1/Editor/Data/Resources/UnitySubsystems
[Subsystems] Discovering subsystems at path C:/UnityProject/Study/CinemachineStudy/Assets
GfxDevice: creating device client; threaded=0
Direct3D:
    Version:  Direct3D 11.0 [level 11.1]
    Renderer: NVIDIA GeForce GTX 1060 3GB (ID=0x1b84)
    Vendor:   
    VRAM:     2988 MB
    Driver:   27.21.14.5671
Initialize mono
Mono path[0] = 'E:/Unity/2020.3.13f1/Editor/Data/Managed'
Mono path[1] = 'E:/Unity/2020.3.13f1/Editor/Data/MonoBleedingEdge/lib/mono/unityjit'
Mono config path = 'E:/Unity/2020.3.13f1/Editor/Data/MonoBleedingEdge/etc'
Using monoOptions --debugger-agent=transport=dt_socket,embedding=1,server=y,suspend=n,address=127.0.0.1:56204
Begin MonoManager ReloadAssembly
Registering precompiled unity dll's ...
Register platform support module: E:/Unity/2020.3.13f1/Editor/Data/PlaybackEngines/WindowsStandaloneSupport/UnityEditor.WindowsStandalone.Extensions.dll
Registered in 0.000678 seconds.
Native extension for WindowsStandalone target not found
Refreshing native plugins compatible for Editor in 21.22 ms, found 2 plugins.
Preloading 0 native plugins for Editor in 0.00 ms.
Mono: successfully reloaded assembly
- Completed reload, in  1.210 seconds
Platform modules already initialized, skipping
Registering precompiled user dll's ...
Registered in 0.002766 seconds.
Begin MonoManager ReloadAssembly
Native extension for WindowsStandalone target not found
Refreshing native plugins compatible for Editor in 0.29 ms, found 2 plugins.
Preloading 0 native plugins for Editor in 0.00 ms.
Mono: successfully reloaded assembly
- Completed reload, in  0.665 seconds
Platform modules already initialized, skipping
========================================================================
Worker process is ready to serve import requests
Launched and connected shader compiler UnityShaderCompiler.exe after 0.03 seconds
Refreshing native plugins compatible for Editor in 0.27 ms, found 2 plugins.
Preloading 0 native plugins for Editor in 0.00 ms.
Unloading 1390 Unused Serialized files (Serialized files now loaded: 0)
System memory in use before: 67.3 MB.
System memory in use after: 67.4 MB.

Unloading 19 unused Assets to reduce memory usage. Loaded Objects now: 1823.
Total: 1.648200 ms (FindLiveObjects: 0.126900 ms CreateObjectMapping: 0.031000 ms MarkObjects: 1.435300 ms  DeleteObjects: 0.054300 ms)

AssetImportParameters requested are different than current active one (requested -> active):
  custom:framework-win-MediaFoundation: 216162199b28c13a410421893ffa2e32 -> 
  custom:video-decoder-ogg-theora: a1e56fd34408186e4bbccfd4996cb3dc -> 
  custom:container-muxer-webm: aa71ff27fc2769a1b78a27578f13a17b -> 
  custom:container-demuxer-webm: 4f35f7cbe854078d1ac9338744f61a02 -> 
  custom:container-demuxer-ogg: 62fdf1f143b41e24485cea50d1cbac27 -> 
  custom:video-encoder-webm-vp8: eb34c28f22e8b96e1ab97ce403110664 -> 
  custom:video-decoder-webm-vp8: 9c59270c3fd7afecdb556c50c9e8de78 -> 
  custom:audio-decoder-ogg-vorbis: bf7c407c2cedff20999df2af8eb42d56 -> 
  custom:audio-encoder-webm-vorbis: bf7c407c2cedff20999df2af8eb42d56 -> 
========================================================================
Received Import Request.
  path: Assets/Scenes/SampleScene.unity
  artifactKey: Guid(9fc0d4010bbf28b4594072e72b8655ab) Importer(815301076,1909f56bfc062723c751e8b465ee728b)
Start importing Assets/Scenes/SampleScene.unity using Guid(9fc0d4010bbf28b4594072e72b8655ab) Importer(815301076,1909f56bfc062723c751e8b465ee728b)  -> (artifact id: '85059f4f9e1a832ed95adaa0d25c5c4c') in 0.009155 seconds 
  Import took 0.010639 seconds .

========================================================================
Received Prepare
Registering precompiled user dll's ...
Registered in 0.003045 seconds.
Begin MonoManager ReloadAssembly
Native extension for WindowsStandalone target not found
Refreshing native plugins compatible for Editor in 0.31 ms, found 2 plugins.
Preloading 0 native plugins for Editor in 0.00 ms.
Invalid AssetDatabase path: /Editor/EditorResources/cm_logo_sm.png. Use path relative to the project folder.
UnityEngine.StackTraceUtility:ExtractStackTrace ()
UnityEditor.AssetDatabase:LoadAssetAtPath<UnityEngine.Texture2D> (string)
Cinemachine.Editor.CinemachineSettings:get_CinemachineLogoTexture () (at Library/PackageCache/com.unity.cinemachine@2.6.5/Editor/Windows/CinemachineSettings.cs:205)
Cinemachine.Editor.CinemachineSettings:.cctor () (at Library/PackageCache/com.unity.cinemachine@2.6.5/Editor/Windows/CinemachineSettings.cs:237)
Cinemachine.CinemachineColliderPrefs:.cctor () (at Library/PackageCache/com.unity.cinemachine@2.6.5/Editor/Windows/CinemachineColliderPrefs.cs:61)
System.Runtime.CompilerServices.RuntimeHelpers:RunClassConstructor (System.RuntimeTypeHandle)
UnityEditor.EditorAssemblies:ProcessInitializeOnLoadAttributes (System.Type[])

[Library/PackageCache/com.unity.cinemachine@2.6.5/Editor/Windows/CinemachineSettings.cs line 205]

Mono: successfully reloaded assembly
- Completed reload, in  0.655 seconds
Platform modules already initialized, skipping
Refreshing native plugins compatible for Editor in 0.29 ms, found 2 plugins.
Preloading 0 native plugins for Editor in 0.00 ms.
Unloading 1531 Unused Serialized files (Serialized files now loaded: 0)
System memory in use before: 72.2 MB.
System memory in use after: 72.2 MB.

Unloading 15 unused Assets to reduce memory usage. Loaded Objects now: 1971.
Total: 1.701200 ms (FindLiveObjects: 0.154700 ms CreateObjectMapping: 0.050300 ms MarkObjects: 1.450700 ms  DeleteObjects: 0.044800 ms)

AssetImportParameters requested are different than current active one (requested -> active):
  custom:framework-win-MediaFoundation: 216162199b28c13a410421893ffa2e32 -> 
  custom:video-decoder-ogg-theora: a1e56fd34408186e4bbccfd4996cb3dc -> 
  custom:container-muxer-webm: aa71ff27fc2769a1b78a27578f13a17b -> 
  custom:container-demuxer-webm: 4f35f7cbe854078d1ac9338744f61a02 -> 
  custom:container-demuxer-ogg: 62fdf1f143b41e24485cea50d1cbac27 -> 
  custom:video-encoder-webm-vp8: eb34c28f22e8b96e1ab97ce403110664 -> 
  custom:video-decoder-webm-vp8: 9c59270c3fd7afecdb556c50c9e8de78 -> 
  custom:audio-decoder-ogg-vorbis: bf7c407c2cedff20999df2af8eb42d56 -> 
  custom:audio-encoder-webm-vorbis: bf7c407c2cedff20999df2af8eb42d56 -> 
========================================================================
Received Prepare
Registering precompiled user dll's ...
Registered in 0.002631 seconds.
Begin MonoManager ReloadAssembly
Native extension for WindowsStandalone target not found
Refreshing native plugins compatible for Editor in 0.33 ms, found 2 plugins.
Preloading 0 native plugins for Editor in 0.00 ms.
Mono: successfully reloaded assembly
- Completed reload, in  0.661 seconds
Platform modules already initialized, skipping
Refreshing native plugins compatible for Editor in 0.27 ms, found 2 plugins.
Preloading 0 native plugins for Editor in 0.00 ms.
Unloading 1555 Unused Serialized files (Serialized files now loaded: 0)
System memory in use before: 73.0 MB.
System memory in use after: 73.0 MB.

Unloading 17 unused Assets to reduce memory usage. Loaded Objects now: 1997.
Total: 1.733500 ms (FindLiveObjects: 0.138100 ms CreateObjectMapping: 0.042400 ms MarkObjects: 1.503100 ms  DeleteObjects: 0.049300 ms)

AssetImportParameters requested are different than current active one (requested -> active):
  custom:framework-win-MediaFoundation: 216162199b28c13a410421893ffa2e32 -> 
  custom:video-decoder-ogg-theora: a1e56fd34408186e4bbccfd4996cb3dc -> 
  custom:container-muxer-webm: aa71ff27fc2769a1b78a27578f13a17b -> 
  custom:container-demuxer-webm: 4f35f7cbe854078d1ac9338744f61a02 -> 
  custom:container-demuxer-ogg: 62fdf1f143b41e24485cea50d1cbac27 -> 
  custom:video-encoder-webm-vp8: eb34c28f22e8b96e1ab97ce403110664 -> 
  custom:video-decoder-webm-vp8: 9c59270c3fd7afecdb556c50c9e8de78 -> 
  custom:audio-decoder-ogg-vorbis: bf7c407c2cedff20999df2af8eb42d56 -> 
  custom:audio-encoder-webm-vorbis: bf7c407c2cedff20999df2af8eb42d56 -> 
========================================================================
Received Import Request.
  Time since last request: 348.433870 seconds.
  path: Assets/Samples/Cinemachine/2.6.5/Cinemachine Example Scenes/Shared/Models/UnityCharacter/Models/DefaultMale.fbx
  artifactKey: Guid(8837f192a88abd84da9f1907d0b6bdb4) Importer(815301076,1909f56bfc062723c751e8b465ee728b)
Start importing Assets/Samples/Cinemachine/2.6.5/Cinemachine Example Scenes/Shared/Models/UnityCharacter/Models/DefaultMale.fbx using Guid(8837f192a88abd84da9f1907d0b6bdb4) Importer(815301076,1909f56bfc062723c751e8b465ee728b)  -> (artifact id: '79f7b32d0a4a92163174b1f9bab3dbed') in 0.294011 seconds 
  Import took 0.296381 seconds .

========================================================================
Received Import Request.
  Time since last request: 0.000128 seconds.
  path: Assets/Samples/Cinemachine/2.6.5/Cinemachine Example Scenes/Shared/Prefabs/FBX/ProB_Floor_1Wall_10x10.fbx
  artifactKey: Guid(f4737444c0dcc1a42804e080a539da5f) Importer(815301076,1909f56bfc062723c751e8b465ee728b)
Start importing Assets/Samples/Cinemachine/2.6.5/Cinemachine Example Scenes/Shared/Prefabs/FBX/ProB_Floor_1Wall_10x10.fbx using Guid(f4737444c0dcc1a42804e080a539da5f) Importer(815301076,1909f56bfc062723c751e8b465ee728b)  -> (artifact id: '99810e061d1d36a1cd77d77abe1b0d78') in 0.139562 seconds 
  Import took 0.141790 seconds .

========================================================================
Received Import Request.
  Time since last request: 0.000126 seconds.
  path: Assets/Samples/Cinemachine/2.6.5/Cinemachine Example Scenes/Shared/Prefabs/FBX/ProB_Floor_UWall_10x10.fbx
  artifactKey: Guid(07bcacf203be81246a39038d917a137e) Importer(815301076,1909f56bfc062723c751e8b465ee728b)
Start importing Assets/Samples/Cinemachine/2.6.5/Cinemachine Example Scenes/Shared/Prefabs/FBX/ProB_Floor_UWall_10x10.fbx using Guid(07bcacf203be81246a39038d917a137e) Importer(815301076,1909f56bfc062723c751e8b465ee728b)  -> (artifact id: 'd0b148b184ecd8ecce7d91b4fa0b5115') in 0.009100 seconds 
  Import took 0.010851 seconds .

========================================================================
Received Import Request.
  Time since last request: 0.000118 seconds.
  path: Assets/Samples/Cinemachine/2.6.5/Cinemachine Example Scenes/Shared/Prefabs/FBX/ProB_Floor_1Wall_10x10.fbx
  artifactKey: Guid(f4737444c0dcc1a42804e080a539da5f) Importer(815301076,1909f56bfc062723c751e8b465ee728b)
Start importing Assets/Samples/Cinemachine/2.6.5/Cinemachine Example Scenes/Shared/Prefabs/FBX/ProB_Floor_1Wall_10x10.fbx using Guid(f4737444c0dcc1a42804e080a539da5f) Importer(815301076,1909f56bfc062723c751e8b465ee728b)  -> (artifact id: '99810e061d1d36a1cd77d77abe1b0d78') in 0.009113 seconds 
  Import took 0.010885 seconds .

========================================================================
Received Import Request.
  Time since last request: 0.000125 seconds.
  path: Assets/Samples/Cinemachine/2.6.5/Cinemachine Example Scenes/Shared/Prefabs/FBX/ProB_Wall_10x4.fbx
  artifactKey: Guid(8801006d6478aea478f9320df4476f30) Importer(815301076,1909f56bfc062723c751e8b465ee728b)
Start importing Assets/Samples/Cinemachine/2.6.5/Cinemachine Example Scenes/Shared/Prefabs/FBX/ProB_Wall_10x4.fbx using Guid(8801006d6478aea478f9320df4476f30) Importer(815301076,1909f56bfc062723c751e8b465ee728b)  -> (artifact id: 'e42aae0a45cee00363a70af12b9b0bc5') in 0.007608 seconds 
  Import took 0.009172 seconds .

========================================================================
Received Import Request.
  Time since last request: 0.000105 seconds.
  path: Assets/Samples/Cinemachine/2.6.5/Cinemachine Example Scenes/Shared/Prefabs/FBX/ProB_Floor_10x10.fbx
  artifactKey: Guid(47d4df8e0a6e85a4c8448ec117ba07df) Importer(815301076,1909f56bfc062723c751e8b465ee728b)
Start importing Assets/Samples/Cinemachine/2.6.5/Cinemachine Example Scenes/Shared/Prefabs/FBX/ProB_Floor_10x10.fbx using Guid(47d4df8e0a6e85a4c8448ec117ba07df) Importer(815301076,1909f56bfc062723c751e8b465ee728b)  -> (artifact id: 'd7baa85c25c5257d6d1e312eee94b6ea') in 0.008145 seconds 
  Import took 0.009646 seconds .

========================================================================
Received Import Request.
  Time since last request: 0.000113 seconds.
  path: Assets/Samples/Cinemachine/2.6.5/Cinemachine Example Scenes/Shared/Prefabs/FBX/ProB_Floor_10x4.fbx
  artifactKey: Guid(52ec9a50889c9784f920590c3e0d8c68) Importer(815301076,1909f56bfc062723c751e8b465ee728b)
Start importing Assets/Samples/Cinemachine/2.6.5/Cinemachine Example Scenes/Shared/Prefabs/FBX/ProB_Floor_10x4.fbx using Guid(52ec9a50889c9784f920590c3e0d8c68) Importer(815301076,1909f56bfc062723c751e8b465ee728b)  -> (artifact id: '3339a4c6c4f2cc699ea4c14a34eebbaa') in 0.006808 seconds 
  Import took 0.008480 seconds .

========================================================================
Received Import Request.
  Time since last request: 0.000120 seconds.
  path: Assets/Samples/Cinemachine/2.6.5/Cinemachine Example Scenes/Shared/Prefabs/FBX/ProB_Floor_2Walls_10x10.fbx
  artifactKey: Guid(d0a29522a2fadfb4f8ca407cd2e8e1ca) Importer(815301076,1909f56bfc062723c751e8b465ee728b)
Start importing Assets/Samples/Cinemachine/2.6.5/Cinemachine Example Scenes/Shared/Prefabs/FBX/ProB_Floor_2Walls_10x10.fbx using Guid(d0a29522a2fadfb4f8ca407cd2e8e1ca) Importer(815301076,1909f56bfc062723c751e8b465ee728b)  -> (artifact id: 'dd9ca5bf64e3c08c7daaf79a28bf8c49') in 0.010022 seconds 
  Import took 0.011876 seconds .

========================================================================
Received Import Request.
  Time since last request: 0.000115 seconds.
  path: Assets/Samples/Cinemachine/2.6.5/Cinemachine Example Scenes/Shared/Models/UnityCharacter/Models/DefaultMale.fbx
  artifactKey: Guid(8837f192a88abd84da9f1907d0b6bdb4) Importer(815301076,1909f56bfc062723c751e8b465ee728b)
Start importing Assets/Samples/Cinemachine/2.6.5/Cinemachine Example Scenes/Shared/Models/UnityCharacter/Models/DefaultMale.fbx using Guid(8837f192a88abd84da9f1907d0b6bdb4) Importer(815301076,1909f56bfc062723c751e8b465ee728b)  -> (artifact id: '79f7b32d0a4a92163174b1f9bab3dbed') in 0.014896 seconds 
  Import took 0.017133 seconds .

========================================================================
Received Import Request.
  Time since last request: 0.000137 seconds.
  path: Assets/Samples/Cinemachine/2.6.5/Cinemachine Example Scenes/Shared/Prefabs/FBX/ProB_Floor_10x4.fbx
  artifactKey: Guid(52ec9a50889c9784f920590c3e0d8c68) Importer(815301076,1909f56bfc062723c751e8b465ee728b)
Start importing Assets/Samples/Cinemachine/2.6.5/Cinemachine Example Scenes/Shared/Prefabs/FBX/ProB_Floor_10x4.fbx using Guid(52ec9a50889c9784f920590c3e0d8c68) Importer(815301076,1909f56bfc062723c751e8b465ee728b)  -> (artifact id: '3339a4c6c4f2cc699ea4c14a34eebbaa') in 0.007742 seconds 
  Import took 0.009352 seconds .

========================================================================
Received Import Request.
  Time since last request: 0.000121 seconds.
  path: Assets/Samples/Cinemachine/2.6.5/Cinemachine Example Scenes/Shared/Prefabs/FBX/ProB_Floor_LWall_10x10.fbx
  artifactKey: Guid(b6e2207db377b584bb472dd15da85dd3) Importer(815301076,1909f56bfc062723c751e8b465ee728b)
Start importing Assets/Samples/Cinemachine/2.6.5/Cinemachine Example Scenes/Shared/Prefabs/FBX/ProB_Floor_LWall_10x10.fbx using Guid(b6e2207db377b584bb472dd15da85dd3) Importer(815301076,1909f56bfc062723c751e8b465ee728b)  -> (artifact id: '38822375c5b36d97a5504de5a801bbbc') in 0.007795 seconds 
  Import took 0.009624 seconds .

========================================================================
Received Import Request.
  Time since last request: 0.000144 seconds.
  path: Assets/Samples/Cinemachine/2.6.5/Cinemachine Example Scenes/Shared/Prefabs/FBX/ProB_Floor_10x10_BluePedestal.fbx
  artifactKey: Guid(fb8b35ae430517a4989c461955168bec) Importer(815301076,1909f56bfc062723c751e8b465ee728b)
Start importing Assets/Samples/Cinemachine/2.6.5/Cinemachine Example Scenes/Shared/Prefabs/FBX/ProB_Floor_10x10_BluePedestal.fbx using Guid(fb8b35ae430517a4989c461955168bec) Importer(815301076,1909f56bfc062723c751e8b465ee728b)  -> (artifact id: '904d16df60498364289943aca07e78d9') in 0.068846 seconds 
  Import took 0.070739 seconds .

========================================================================
Received Import Request.
  Time since last request: 148.146817 seconds.
  path: Assets/Samples/Cinemachine/2.6.5/Cinemachine Example Scenes/Shared/Materials/RedThing.mat
  artifactKey: Guid(768ffdf2b6949054488c74579e87288b) Importer(815301076,1909f56bfc062723c751e8b465ee728b)
Start importing Assets/Samples/Cinemachine/2.6.5/Cinemachine Example Scenes/Shared/Materials/RedThing.mat using Guid(768ffdf2b6949054488c74579e87288b) Importer(815301076,1909f56bfc062723c751e8b465ee728b)  -> (artifact id: 'bf7d66895822c9181a24aeb51cf5d4a4') in 0.020838 seconds 
  Import took 0.023252 seconds .

========================================================================
Received Import Request.
  Time since last request: 0.000109 seconds.
  path: Assets/Samples/Cinemachine/2.6.5/Cinemachine Example Scenes/Shared/Materials/Trigger.mat
  artifactKey: Guid(f5ec88a687cc6d9448380f21861d57ab) Importer(815301076,1909f56bfc062723c751e8b465ee728b)
Start importing Assets/Samples/Cinemachine/2.6.5/Cinemachine Example Scenes/Shared/Materials/Trigger.mat using Guid(f5ec88a687cc6d9448380f21861d57ab) Importer(815301076,1909f56bfc062723c751e8b465ee728b)  -> (artifact id: 'be2bbf5ec72be886a2211d63af259f10') in 0.022936 seconds 
  Import took 0.025291 seconds .

========================================================================
Received Import Request.
  Time since last request: 0.000199 seconds.
  path: Assets/Samples/Cinemachine/2.6.5/Cinemachine Example Scenes/Shared/Materials/RedThing.mat
  artifactKey: Guid(768ffdf2b6949054488c74579e87288b) Importer(815301076,1909f56bfc062723c751e8b465ee728b)
Start importing Assets/Samples/Cinemachine/2.6.5/Cinemachine Example Scenes/Shared/Materials/RedThing.mat using Guid(768ffdf2b6949054488c74579e87288b) Importer(815301076,1909f56bfc062723c751e8b465ee728b)  -> (artifact id: 'bf7d66895822c9181a24aeb51cf5d4a4') in 0.005665 seconds 
  Import took 0.007408 seconds .

========================================================================
Received Import Request.
  Time since last request: 0.000109 seconds.
  path: Assets/Samples/Cinemachine/2.6.5/Cinemachine Example Scenes/Scenes/Anywhere Door/Materials/Skybox_Mat.mat
  artifactKey: Guid(0ffaa0b7117ba8c47a9d05ae701d4b4d) Importer(815301076,1909f56bfc062723c751e8b465ee728b)
Start importing Assets/Samples/Cinemachine/2.6.5/Cinemachine Example Scenes/Scenes/Anywhere Door/Materials/Skybox_Mat.mat using Guid(0ffaa0b7117ba8c47a9d05ae701d4b4d) Importer(815301076,1909f56bfc062723c751e8b465ee728b)  -> (artifact id: '7ee6f73e101f57bc68259e846f959f0e') in 0.064184 seconds 
  Import took 0.066051 seconds .

========================================================================
Received Import Request.
  Time since last request: 0.004259 seconds.
  path: Assets/Samples/Cinemachine/2.6.5/Cinemachine Example Scenes/Scenes/Anywhere Door/Materials/Skybox_Mat.mat
  artifactKey: Guid(0ffaa0b7117ba8c47a9d05ae701d4b4d) Importer(815301076,1909f56bfc062723c751e8b465ee728b)
Start importing Assets/Samples/Cinemachine/2.6.5/Cinemachine Example Scenes/Scenes/Anywhere Door/Materials/Skybox_Mat.mat using Guid(0ffaa0b7117ba8c47a9d05ae701d4b4d) Importer(815301076,1909f56bfc062723c751e8b465ee728b)  -> (artifact id: '7ee6f73e101f57bc68259e846f959f0e') in 0.005277 seconds 
  Import took 0.007506 seconds .

========================================================================
Received Import Request.
  Time since last request: 5.413094 seconds.
  path: Assets/Samples/Cinemachine/2.6.5/Cinemachine Example Scenes/Shared/Materials/GridBox_Trigger.mat
  artifactKey: Guid(850a1a07bd7c8e24a8e518501c065b86) Importer(815301076,1909f56bfc062723c751e8b465ee728b)
Start importing Assets/Samples/Cinemachine/2.6.5/Cinemachine Example Scenes/Shared/Materials/GridBox_Trigger.mat using Guid(850a1a07bd7c8e24a8e518501c065b86) Importer(815301076,1909f56bfc062723c751e8b465ee728b)  -> (artifact id: '426e058d0956301faf5c150a21766eb9') in 0.005628 seconds 
  Import took 0.007766 seconds .

========================================================================
Received Import Request.
  Time since last request: 0.000116 seconds.
  path: Assets/Samples/Cinemachine/2.6.5/Cinemachine Example Scenes/Shared/Materials/Ground.mat
  artifactKey: Guid(f993b29f4cc364a4eaf7bbf9086de313) Importer(815301076,1909f56bfc062723c751e8b465ee728b)
Start importing Assets/Samples/Cinemachine/2.6.5/Cinemachine Example Scenes/Shared/Materials/Ground.mat using Guid(f993b29f4cc364a4eaf7bbf9086de313) Importer(815301076,1909f56bfc062723c751e8b465ee728b)  -> (artifact id: 'e0096a87a385e602f739e7bfb8ad802e') in 0.004796 seconds 
  Import took 0.006170 seconds .

========================================================================
Received Import Request.
  Time since last request: 0.000091 seconds.
  path: Assets/Samples/Cinemachine/2.6.5/Cinemachine Example Scenes/Scenes/Anywhere Door/Materials/Pink.mat
  artifactKey: Guid(764fcb585f1f34a6da8ae3fca76c1261) Importer(815301076,1909f56bfc062723c751e8b465ee728b)
Start importing Assets/Samples/Cinemachine/2.6.5/Cinemachine Example Scenes/Scenes/Anywhere Door/Materials/Pink.mat using Guid(764fcb585f1f34a6da8ae3fca76c1261) Importer(815301076,1909f56bfc062723c751e8b465ee728b)  -> (artifact id: '5bd3fa75623bfb2bcecce9c23458f87d') in 0.005051 seconds 
  Import took 0.006530 seconds .

========================================================================
Received Import Request.
  Time since last request: 0.000106 seconds.
  path: Assets/Samples/Cinemachine/2.6.5/Cinemachine Example Scenes/Shared/Materials/Ground big.mat
  artifactKey: Guid(0e079ef97504e314080afe2ab2599e87) Importer(815301076,1909f56bfc062723c751e8b465ee728b)
Start importing Assets/Samples/Cinemachine/2.6.5/Cinemachine Example Scenes/Shared/Materials/Ground big.mat using Guid(0e079ef97504e314080afe2ab2599e87) Importer(815301076,1909f56bfc062723c751e8b465ee728b)  -> (artifact id: '002a3f13a8041d1a100695e72cd27b89') in 0.008064 seconds 
  Import took 0.009770 seconds .

========================================================================
Received Import Request.
  Time since last request: 59.227937 seconds.
  path: Assets/CubeTimeline.playable
  artifactKey: Guid(c322d32b76ed82445bd9b6b434c6139a) Importer(815301076,1909f56bfc062723c751e8b465ee728b)
Start importing Assets/CubeTimeline.playable using Guid(c322d32b76ed82445bd9b6b434c6139a) Importer(815301076,1909f56bfc062723c751e8b465ee728b)  -> (artifact id: '654f7a5697019a9d5af1dcc5301ea017') in 0.004430 seconds 
  Import took 0.006705 seconds .

========================================================================
Received Import Request.
  Time since last request: 98.408236 seconds.
  path: Assets/Cube.controller
  artifactKey: Guid(8c5c3dca8ace40744a931111cbd50e0e) Importer(815301076,1909f56bfc062723c751e8b465ee728b)
Start importing Assets/Cube.controller using Guid(8c5c3dca8ace40744a931111cbd50e0e) Importer(815301076,1909f56bfc062723c751e8b465ee728b)  -> (artifact id: '86b115c8d1e7bed29501f81a0f478dd8') in 0.003858 seconds 
  Import took 0.005939 seconds .

========================================================================
Received Import Request.
  Time since last request: 0.000365 seconds.
  path: Assets/Cube.controller
  artifactKey: Guid(8c5c3dca8ace40744a931111cbd50e0e) Importer(815301076,1909f56bfc062723c751e8b465ee728b)
Start importing Assets/Cube.controller using Guid(8c5c3dca8ace40744a931111cbd50e0e) Importer(815301076,1909f56bfc062723c751e8b465ee728b)  -> (artifact id: '86b115c8d1e7bed29501f81a0f478dd8') in 0.001906 seconds 
  Import took 0.003488 seconds .

========================================================================
Received Import Request.
  Time since last request: 3.331891 seconds.
  path: Assets/Cube 1.controller
  artifactKey: Guid(ec86395ea51cf6844b6e5c78918d7c18) Importer(815301076,1909f56bfc062723c751e8b465ee728b)
Start importing Assets/Cube 1.controller using Guid(ec86395ea51cf6844b6e5c78918d7c18) Importer(815301076,1909f56bfc062723c751e8b465ee728b)  -> (artifact id: '8596b775783372f24bb68e208706629d') in 0.002003 seconds 
  Import took 0.003851 seconds .

========================================================================
Received Import Request.
  Time since last request: 89.416293 seconds.
  path: Assets/CubeTimeline.playable
  artifactKey: Guid(c322d32b76ed82445bd9b6b434c6139a) Importer(815301076,1909f56bfc062723c751e8b465ee728b)
Start importing Assets/CubeTimeline.playable using Guid(c322d32b76ed82445bd9b6b434c6139a) Importer(815301076,1909f56bfc062723c751e8b465ee728b)  -> (artifact id: 'aa3eb2e5f11c062fc99f0a6ad76cb9ec') in 0.008731 seconds 
  Import took 0.010904 seconds .

========================================================================
Received Prepare
Registering precompiled user dll's ...
Registered in 0.002474 seconds.
Begin MonoManager ReloadAssembly
Native extension for WindowsStandalone target not found
Refreshing native plugins compatible for Editor in 0.33 ms, found 2 plugins.
Preloading 0 native plugins for Editor in 0.00 ms.
Mono: successfully reloaded assembly
- Completed reload, in  0.642 seconds
Platform modules already initialized, skipping
Refreshing native plugins compatible for Editor in 0.30 ms, found 2 plugins.
Preloading 0 native plugins for Editor in 0.00 ms.
Unloading 1554 Unused Serialized files (Serialized files now loaded: 0)
System memory in use before: 90.1 MB.
System memory in use after: 90.2 MB.

Unloading 17 unused Assets to reduce memory usage. Loaded Objects now: 2045.
Total: 1.771400 ms (FindLiveObjects: 0.150300 ms CreateObjectMapping: 0.048000 ms MarkObjects: 1.521900 ms  DeleteObjects: 0.050600 ms)

AssetImportParameters requested are different than current active one (requested -> active):
  custom:framework-win-MediaFoundation: 216162199b28c13a410421893ffa2e32 -> 
  custom:video-decoder-ogg-theora: a1e56fd34408186e4bbccfd4996cb3dc -> 
  custom:container-muxer-webm: aa71ff27fc2769a1b78a27578f13a17b -> 
  custom:container-demuxer-webm: 4f35f7cbe854078d1ac9338744f61a02 -> 
  custom:container-demuxer-ogg: 62fdf1f143b41e24485cea50d1cbac27 -> 
  custom:video-encoder-webm-vp8: eb34c28f22e8b96e1ab97ce403110664 -> 
  custom:video-decoder-webm-vp8: 9c59270c3fd7afecdb556c50c9e8de78 -> 
  custom:audio-decoder-ogg-vorbis: bf7c407c2cedff20999df2af8eb42d56 -> 
  custom:audio-encoder-webm-vorbis: bf7c407c2cedff20999df2af8eb42d56 -> 
